<?xml version="1.0" encoding="UTF-8"?>
<!-- Generated by org.testng.reporters.JUnitReportReporter -->
<testsuite skipped="0" hostname="LAP0002717" name="restAssuredFramework.AgodaBookingFlow" tests="3" failures="0" timestamp="25 Jul 2019 11:12:16 GMT" time="3.055" errors="0">
  <testcase name="search" time="2.868" classname="restAssuredFramework.AgodaBookingFlow"/>
  <testcase name="search" time="0.187" classname="restAssuredFramework.AgodaBookingFlow"/>
  <testcase name="testcase1" time="0.000" classname="restAssuredFramework.AgodaBookingFlow"/>
</testsuite> <!-- restAssuredFramework.AgodaBookingFlow -->
